<?xml version="1.0" encoding="UTF-8"?>
<!-- Generated by org.testng.reporters.JUnitReportReporter -->
<testsuite hostname="Pranab-laptop" failures="0" tests="2" name="com.candidatepsiexams.testcases.CreateAccount" time="10.144" errors="0" timestamp="2020-09-14T06:24:14 PDT" skipped="0">
  <testcase classname="com.candidatepsiexams.testcases.CreateAccount" name="showUIValidations" time="4.215"/>
  <system-out/>
  <testcase classname="com.candidatepsiexams.testcases.CreateAccount" name="createTheAccount" time="5.929"/>
  <system-out/>
</testsuite> <!-- com.candidatepsiexams.testcases.CreateAccount -->
