<?xml version="1.0" encoding="UTF-8"?>
<!-- Generated by org.testng.reporters.JUnitReportReporter -->
<testsuite hostname="Pranab-laptop" failures="0" tests="1" name="com.candidatepsiexams.testcases.RegisterForExam" time="6.792" errors="0" timestamp="2020-09-14T06:24:14 PDT" skipped="0">
  <testcase classname="com.candidatepsiexams.testcases.RegisterForExam" name="verifyTestcenterScreen" time="6.792"/>
  <system-out/>
</testsuite> <!-- com.candidatepsiexams.testcases.RegisterForExam -->
